<?xml version="1.0" encoding="UTF-8"?>
<testng-results skipped="0" failed="0" ignored="0" total="1" passed="1">
  <reporter-output>
    <line>
      <![CDATA[Accessibility links
Skip to main contentAccessibility help
Accessibility feedback
Sign in

Complete your Privacy Checkup

Review your settings to make sure that they are still right for you

NO, THANKSCOMPLETE




Search modes
AllMapsBooksImagesNewsMore
SettingsTools
About 68,70,00,000 results (0.53 seconds) 
Search Results
Web results
Download Free Java Software
https://www.java.com/download/
Download Java for your desktop computer now! ... Java software for your computer, or the Java Runtime Environment, is also referred to as the Java Runtime, Runtime Environment, Runtime, JRE, Java Virtual Machine, Virtual Machine, Java VM, JVM, VM, Java plug-in, Java plugin, Java add ...
Twitter results
Java (@java) · Twitter
https://twitter.com/java
Jakarta EE Milestone - Eclipse GlassFish 5.1 is Java EE 8 Compatible #JavaEE8 #JakartaEE blogs.oracle.com/theaqu…
4 hours ago · Twitter
Eclipse Glassfish 5.1.0.RC2, the Jakarta EE implementation, published in Maven central. blog.supol.cz/?p=131
15 hours ago · Twitter
New Release Candidate #Gradle 5.2 Read the Gradle 5.2 guide to learn about upgrading from Gradle 5.0. docs.gradle.org/5.2-rc-… pic.twitter.com/DzhrSQd…
16 hours ago · Twitter
#Java library to help you handle failures in Java 8 + jaxenter.com/failsafe-f… pic.twitter.com/7wLt6mF…
16 hours ago · Twitter
#Java experts share pro tips for developer relations developer.okta.com/blog… pic.twitter.com/ErngkJR…
18 hours ago · Twitter
View on Twitter
Web results
java.com: Java + You
https://www.java.com/
About Java. Go Java Java + Alice Java + Greenfoot Oracle Academy for Educators Get Java Magazine for Free · Select Language | About Java | Support ...
Introduction to Java - W3Schools
https://www.w3schools.com/java/java_intro.asp
What is Java? Java is a popular programming language, created in 1995. It is owned by Oracle, and more than 3 billion devices run Java. It is used for:.
Java Tutorial - W3Schools
https://www.w3schools.com/java/
Java is used to develop mobile apps, web apps, desktop apps, games and much ... Our "Show Java" tool makes it easy to learn Java, it shows both the code and ...
People also ask
What is the use of Java?

Is Java still necessary?

Is it safe to use Java?

What is latest version of Java?

Feedback
Web results
Java Getting Started - W3Schools
https://www.w3schools.com/java/java_getstarted.asp
Java Install. Some PCs might have Java already installed. To check if you have Java installed on a Windows PC, search in the start bar for Java or type the ...
Java Software | Oracle India
https://www.oracle.com/in/java/
Java can reduce costs, drive innovation, and improve application services as the programming language of choice for IoT, enterprise architecture, and cloud ...
Java Resources for Students, Hobbyists and More | go.Java | Oracle
https://go.java/index.html
Learn how Java powers the innovation behind our digital world. Harness this potential with Java resources for student coders, hobbyists, developers, and IT ...
Top stories
Handling failures in Java just got easier thanks to Failsafe
JAXenter·1 day ago
"Minecraft has opened up Java to a range of people who probably don't even realise the skills they have acquired through it"
JAXenter·23 hours ago
Java will facilitate mainstream blockchain adoption
JAXenter·1 hour ago
More for java
Web results
Java Programming Language - GeeksforGeeks
https://www.geeksforgeeks.org/java/
Java is one of the most popular and widely used programming language and platform. A platform is an environment that helps to develop and run programs ...
Searches related to java
java 32 bit

java 64 bit

java jdk

java verify

java oracle

java wiki

java 10

java indonesia

Page navigation
1
2
3
4
5
6
7
8
9
10
Next
Complementary results
Knowledge result
Java
Computer programming language

DescriptionJava is a general-purpose computer-programming language that is concurrent, class-based, object-oriented, and specifically designed to have as few implementation dependencies as possible. Wikipedia
Designed by: James Gosling
Platform: Microsoft Windows
Latest release: Java 10 (March 20, 2018)
Influenced: Ada, BeanShell, C#, Chapel, Clojure, ECMAScript, MORE
Influenced by: Ada, C++, C#, Eiffel, Mesa, Modula-3, Oberon, Objective-C, UCSD Pascal, Object Pascal
Java software
View 15+ more

Java

Java Development Kit

Spring Framework

Apache Maven

NetBeans
People also search for
View 10+ more

Python

JavaScript

C++

C

Class
Feedback
Footer links
India Sector 75, Sahibzada Ajit Singh Nagar, Punjab - From your Internet address - Use precise location - Learn more
HelpSend feedbackPrivacyTerms
]]>
    </line>
  </reporter-output>
  <suite name="Default suite" duration-ms="14530" started-at="2019-01-30T09:48:09Z" finished-at="2019-01-30T09:48:23Z">
    <groups>
    </groups>
    <test name="Default test" duration-ms="14530" started-at="2019-01-30T09:48:09Z" finished-at="2019-01-30T09:48:23Z">
      <class name="com.qa.testcases.SearchPageTest">
        <test-method status="PASS" signature="setup()[pri:0, instance:com.qa.testcases.SearchPageTest@27efef64]" name="setup" is-config="true" duration-ms="8405" started-at="2019-01-30T09:48:09Z" finished-at="2019-01-30T09:48:17Z">
          <reporter-output>
          </reporter-output>
        </test-method> <!-- setup -->
        <test-method status="PASS" signature="searchText()[pri:0, instance:com.qa.testcases.SearchPageTest@27efef64]" name="searchText" duration-ms="5202" started-at="2019-01-30T09:48:17Z" finished-at="2019-01-30T09:48:22Z">
          <reporter-output>
            <line>
              <![CDATA[Accessibility links
Skip to main contentAccessibility help
Accessibility feedback
Sign in

Complete your Privacy Checkup

Review your settings to make sure that they are still right for you

NO, THANKSCOMPLETE




Search modes
AllMapsBooksImagesNewsMore
SettingsTools
About 68,70,00,000 results (0.53 seconds) 
Search Results
Web results
Download Free Java Software
https://www.java.com/download/
Download Java for your desktop computer now! ... Java software for your computer, or the Java Runtime Environment, is also referred to as the Java Runtime, Runtime Environment, Runtime, JRE, Java Virtual Machine, Virtual Machine, Java VM, JVM, VM, Java plug-in, Java plugin, Java add ...
Twitter results
Java (@java) · Twitter
https://twitter.com/java
Jakarta EE Milestone - Eclipse GlassFish 5.1 is Java EE 8 Compatible #JavaEE8 #JakartaEE blogs.oracle.com/theaqu…
4 hours ago · Twitter
Eclipse Glassfish 5.1.0.RC2, the Jakarta EE implementation, published in Maven central. blog.supol.cz/?p=131
15 hours ago · Twitter
New Release Candidate #Gradle 5.2 Read the Gradle 5.2 guide to learn about upgrading from Gradle 5.0. docs.gradle.org/5.2-rc-… pic.twitter.com/DzhrSQd…
16 hours ago · Twitter
#Java library to help you handle failures in Java 8 + jaxenter.com/failsafe-f… pic.twitter.com/7wLt6mF…
16 hours ago · Twitter
#Java experts share pro tips for developer relations developer.okta.com/blog… pic.twitter.com/ErngkJR…
18 hours ago · Twitter
View on Twitter
Web results
java.com: Java + You
https://www.java.com/
About Java. Go Java Java + Alice Java + Greenfoot Oracle Academy for Educators Get Java Magazine for Free · Select Language | About Java | Support ...
Introduction to Java - W3Schools
https://www.w3schools.com/java/java_intro.asp
What is Java? Java is a popular programming language, created in 1995. It is owned by Oracle, and more than 3 billion devices run Java. It is used for:.
Java Tutorial - W3Schools
https://www.w3schools.com/java/
Java is used to develop mobile apps, web apps, desktop apps, games and much ... Our "Show Java" tool makes it easy to learn Java, it shows both the code and ...
People also ask
What is the use of Java?

Is Java still necessary?

Is it safe to use Java?

What is latest version of Java?

Feedback
Web results
Java Getting Started - W3Schools
https://www.w3schools.com/java/java_getstarted.asp
Java Install. Some PCs might have Java already installed. To check if you have Java installed on a Windows PC, search in the start bar for Java or type the ...
Java Software | Oracle India
https://www.oracle.com/in/java/
Java can reduce costs, drive innovation, and improve application services as the programming language of choice for IoT, enterprise architecture, and cloud ...
Java Resources for Students, Hobbyists and More | go.Java | Oracle
https://go.java/index.html
Learn how Java powers the innovation behind our digital world. Harness this potential with Java resources for student coders, hobbyists, developers, and IT ...
Top stories
Handling failures in Java just got easier thanks to Failsafe
JAXenter·1 day ago
"Minecraft has opened up Java to a range of people who probably don't even realise the skills they have acquired through it"
JAXenter·23 hours ago
Java will facilitate mainstream blockchain adoption
JAXenter·1 hour ago
More for java
Web results
Java Programming Language - GeeksforGeeks
https://www.geeksforgeeks.org/java/
Java is one of the most popular and widely used programming language and platform. A platform is an environment that helps to develop and run programs ...
Searches related to java
java 32 bit

java 64 bit

java jdk

java verify

java oracle

java wiki

java 10

java indonesia

Page navigation
1
2
3
4
5
6
7
8
9
10
Next
Complementary results
Knowledge result
Java
Computer programming language

DescriptionJava is a general-purpose computer-programming language that is concurrent, class-based, object-oriented, and specifically designed to have as few implementation dependencies as possible. Wikipedia
Designed by: James Gosling
Platform: Microsoft Windows
Latest release: Java 10 (March 20, 2018)
Influenced: Ada, BeanShell, C#, Chapel, Clojure, ECMAScript, MORE
Influenced by: Ada, C++, C#, Eiffel, Mesa, Modula-3, Oberon, Objective-C, UCSD Pascal, Object Pascal
Java software
View 15+ more

Java

Java Development Kit

Spring Framework

Apache Maven

NetBeans
People also search for
View 10+ more

Python

JavaScript

C++

C

Class
Feedback
Footer links
India Sector 75, Sahibzada Ajit Singh Nagar, Punjab - From your Internet address - Use precise location - Learn more
HelpSend feedbackPrivacyTerms
]]>
            </line>
          </reporter-output>
        </test-method> <!-- searchText -->
        <test-method status="PASS" signature="closeBrowser()[pri:0, instance:com.qa.testcases.SearchPageTest@27efef64]" name="closeBrowser" is-config="true" duration-ms="847" started-at="2019-01-30T09:48:22Z" finished-at="2019-01-30T09:48:23Z">
          <reporter-output>
          </reporter-output>
        </test-method> <!-- closeBrowser -->
      </class> <!-- com.qa.testcases.SearchPageTest -->
    </test> <!-- Default test -->
  </suite> <!-- Default suite -->
</testng-results>
